#   t     T_i   Q_con  Q_rad  Q_tidal    u    Ur   Deta_L ratio 
# ==== ======= ====== ====== ========= ==== ===== ==============
  0.00 1350.00  36.00   8.28   0.21    4.00 0.230  0.282
  0.01 1351.25  36.18   8.29   0.21    4.03 0.229  0.273
  0.02 1352.51  36.36   8.31   0.21    4.07 0.228  0.264
  0.03 1353.78  36.54   8.32   0.21    4.10 0.228  0.255
  0.04 1355.06  36.72   8.34   0.22    4.13 0.227  0.246
  0.05 1356.34  36.89   8.36   0.22    4.16 0.227  0.238
  0.06 1357.63  37.06   8.37   0.22    4.19 0.226  0.229
  0.07 1358.93  37.23   8.39   0.22    4.22 0.225  0.220
  0.08 1360.23  37.38   8.41   0.23    4.25 0.225  0.211
  0.09 1361.54  37.54   8.42   0.23    4.28 0.224  0.202
  0.10 1362.86  37.69   8.44   0.23    4.30 0.224  0.193
  0.11 1364.18  37.83   8.46   0.24    4.33 0.224  0.183
  0.12 1365.50  37.97   8.47   0.24    4.35 0.223  0.174
  0.13 1366.84  38.10   8.49   0.24    4.37 0.223  0.165
  0.14 1368.17  38.22   8.51   0.24    4.39 0.223  0.156
  0.15 1369.52  38.34   8.53   0.25    4.41 0.222  0.147
  0.16 1370.86  38.45   8.54   0.25    4.43 0.222  0.138
  0.17 1372.21  38.56   8.56   0.25    4.44 0.222  0.129
  0.18 1373.57  38.68   8.58   0.25    4.46 0.222  0.119
  0.19 1374.93  38.79   8.60   0.26    4.48 0.222  0.110
  0.20 1376.29  38.91   8.61   0.26    4.50 0.221  0.101
  0.21 1377.66  39.02   8.63   0.26    4.51 0.221  0.092
  0.22 1379.03  39.13   8.65   0.27    4.53 0.221  0.083
  0.23 1380.41  39.24   8.67   0.27    4.54 0.221  0.073
  0.24 1381.79  39.34   8.68   0.27    4.56 0.221  0.064
  0.25 1383.17  39.44   8.70   0.27    4.57 0.221  0.055
  0.26 1384.56  39.53   8.72   0.28    4.59 0.221  0.046
  0.27 1385.95  39.62   8.74   0.28    4.60 0.221  0.036
  0.28 1387.34  39.69   8.76   0.28    4.60 0.221  0.027
  0.29 1388.74  39.76   8.77   0.29    4.61 0.221  0.018
  0.30 1390.14  39.83   8.79   0.29    4.62 0.221  0.009
  0.31 1391.54  39.89   8.81   0.29    4.62 0.221 -0.001
  0.32 1392.94  39.94   8.83   0.30    4.62 0.221 -0.010
  0.33 1394.34  39.98   8.85   0.30    4.63 0.221 -0.019
  0.34 1395.74  40.02   8.87   0.30    4.63 0.222 -0.028
  0.35 1397.15  40.05   8.89   0.30    4.62 0.222 -0.037
  0.36 1398.56  40.08   8.91   0.31    4.62 0.222 -0.046
  0.37 1399.96  40.10   8.92   0.31    4.61 0.223 -0.056
  0.38 1401.37  40.11   8.94   0.31    4.61 0.223 -0.065
  0.39 1402.77  40.14   8.96   0.32    4.61 0.223 -0.074
  0.40 1404.18  40.17   8.98   0.32    4.60 0.224 -0.083
  0.41 1405.58  40.20   9.00   0.32    4.60 0.224 -0.092
  0.42 1406.99  40.22   9.02   0.33    4.60 0.224 -0.101
  0.43 1408.40  40.25   9.04   0.33    4.59 0.225 -0.110
  0.44 1409.80  40.26   9.06   0.33    4.59 0.225 -0.119
  0.45 1411.21  40.28   9.08   0.34    4.58 0.225 -0.128
  0.46 1412.62  40.30   9.10   0.34    4.58 0.226 -0.137
  0.47 1414.02  40.31   9.12   0.34    4.57 0.226 -0.146
  0.48 1415.43  40.32   9.14   0.35    4.56 0.227 -0.155
  0.49 1416.83  40.33   9.16   0.35    4.56 0.227 -0.164
  0.50 1418.24  40.33   9.18   0.35    4.55 0.228 -0.173
  0.51 1419.64  40.33   9.20   0.35    4.54 0.228 -0.182
  0.52 1421.05  40.32   9.22   0.36    4.53 0.229 -0.191
  0.53 1422.45  40.31   9.24   0.36    4.52 0.229 -0.199
  0.54 1423.85  40.29   9.26   0.36    4.50 0.230 -0.208
  0.55 1425.25  40.28   9.28   0.37    4.49 0.230 -0.217
  0.56 1426.64  40.26   9.30   0.37    4.48 0.231 -0.226
  0.57 1428.04  40.23   9.32   0.37    4.46 0.232 -0.234
  0.58 1429.43  40.20   9.34   0.38    4.45 0.232 -0.243
  0.59 1430.82  40.17   9.36   0.38    4.43 0.233 -0.252
  0.60 1432.21  40.14   9.38   0.38    4.42 0.234 -0.260
  0.61 1433.59  40.10   9.41   0.39    4.40 0.235 -0.269
  0.62 1434.97  40.08   9.43   0.39    4.39 0.235 -0.277
  0.63 1436.36  40.05   9.45   0.39    4.37 0.236 -0.286
  0.64 1437.73  40.03   9.47   0.40    4.36 0.237 -0.294
  0.65 1439.11  40.00   9.49   0.40    4.35 0.237 -0.303
  0.66 1440.49  39.98   9.51   0.40    4.33 0.238 -0.311
  0.67 1441.86  39.95   9.53   0.41    4.32 0.239 -0.320
  0.68 1443.23  39.93   9.56   0.41    4.31 0.239 -0.328
  0.69 1444.60  39.90   9.58   0.41    4.29 0.240 -0.336
  0.70 1445.96  39.88   9.60   0.42    4.28 0.241 -0.345
  0.71 1447.33  39.85   9.62   0.42    4.26 0.241 -0.353
  0.72 1448.69  39.82   9.64   0.42    4.25 0.242 -0.361
  0.73 1450.05  39.80   9.67   0.42    4.24 0.243 -0.370
  0.74 1451.41  39.77   9.69   0.43    4.22 0.244 -0.378
  0.75 1452.76  39.74   9.71   0.43    4.21 0.244 -0.386
  0.76 1454.11  39.71   9.73   0.43    4.20 0.245 -0.394
  0.77 1455.46  39.69   9.76   0.44    4.18 0.246 -0.402
  0.78 1456.81  39.66   9.78   0.44    4.17 0.247 -0.410
  0.79 1458.16  39.63   9.80   0.44    4.16 0.247 -0.418
  0.80 1459.50  39.60   9.83   0.45    4.14 0.248 -0.426
  0.81 1460.84  39.57   9.85   0.45    4.13 0.249 -0.434
  0.82 1462.18  39.55   9.87   0.45    4.11 0.250 -0.442
  0.83 1463.52  39.52   9.90   0.46    4.10 0.250 -0.450
  0.84 1464.85  39.49   9.92   0.46    4.09 0.251 -0.458
  0.85 1466.18  39.46   9.94   0.46    4.07 0.252 -0.466
  0.86 1467.51  39.43   9.97   0.47    4.06 0.253 -0.474
  0.87 1468.84  39.40   9.99   0.47    4.05 0.254 -0.481
  0.88 1470.17  39.37  10.01   0.47    4.03 0.254 -0.489
  0.89 1471.49  39.34  10.04   0.48    4.02 0.255 -0.497
  0.90 1472.81  39.31  10.06   0.48    4.01 0.256 -0.505
  0.91 1474.12  39.28  10.09   0.48    3.99 0.257 -0.512
  0.92 1475.44  39.25  10.11   0.49    3.98 0.258 -0.520
  0.93 1476.75  39.22  10.14   0.49    3.97 0.258 -0.528
  0.94 1478.06  39.19  10.16   0.49    3.95 0.259 -0.535
  0.95 1479.37  39.15  10.19   0.50    3.94 0.260 -0.543
  0.96 1480.67  39.12  10.21   0.50    3.93 0.261 -0.550
  0.97 1481.98  39.09  10.24   0.50    3.91 0.262 -0.558
  0.98 1483.28  39.06  10.26   0.51    3.90 0.263 -0.565
  0.99 1484.57  39.03  10.29   0.51    3.89 0.264 -0.573
  1.00 1485.87  39.00  10.31   0.51    3.87 0.264 -0.580
  1.01 1487.16  38.96  10.34   0.52    3.86 0.265 -0.588
  1.02 1488.45  38.93  10.36   0.52    3.85 0.266 -0.595
  1.03 1489.73  38.90  10.39   0.52    3.84 0.267 -0.602
  1.04 1491.02  38.87  10.41   0.53    3.82 0.268 -0.610
  1.05 1492.30  38.84  10.44   0.53    3.81 0.269 -0.617
  1.06 1493.58  38.80  10.47   0.53    3.80 0.270 -0.624
  1.07 1494.85  38.77  10.49   0.53    3.78 0.271 -0.632
  1.08 1496.13  38.74  10.52   0.54    3.77 0.272 -0.639
  1.09 1497.40  38.71  10.55   0.54    3.76 0.272 -0.646
  1.10 1498.67  38.68  10.57   0.54    3.75 0.273 -0.653
  1.11 1499.93  38.65  10.60   0.55    3.73 0.274 -0.660
  1.12 1501.20  38.61  10.63   0.55    3.72 0.275 -0.667
  1.13 1502.46  38.58  10.65   0.55    3.71 0.276 -0.674
  1.14 1503.71  38.55  10.68   0.56    3.70 0.277 -0.681
  1.15 1504.97  38.52  10.71   0.56    3.69 0.278 -0.688
  1.16 1506.22  38.49  10.74   0.56    3.67 0.279 -0.695
  1.17 1507.47  38.46  10.76   0.57    3.66 0.280 -0.702
  1.18 1508.72  38.43  10.79   0.57    3.65 0.281 -0.709
  1.19 1509.96  38.39  10.82   0.57    3.64 0.282 -0.716
  1.20 1511.21  38.36  10.85   0.58    3.62 0.283 -0.723
  1.21 1512.44  38.33  10.88   0.58    3.61 0.284 -0.730
  1.22 1513.68  38.30  10.90   0.58    3.60 0.285 -0.737
  1.23 1514.91  38.26  10.93   0.59    3.59 0.286 -0.744
  1.24 1516.14  38.23  10.96   0.59    3.58 0.287 -0.750
  1.25 1517.37  38.20  10.99   0.59    3.57 0.288 -0.757
  1.26 1518.60  38.17  11.02   0.60    3.55 0.289 -0.764
  1.27 1519.82  38.14  11.05   0.60    3.54 0.290 -0.771
  1.28 1521.04  38.10  11.08   0.60    3.53 0.291 -0.777
  1.29 1522.26  38.07  11.11   0.61    3.52 0.292 -0.784
  1.30 1523.47  38.04  11.14   0.61    3.51 0.293 -0.790
  1.31 1524.68  38.01  11.17   0.61    3.50 0.294 -0.797
  1.32 1525.89  37.98  11.20   0.62    3.48 0.295 -0.804
  1.33 1527.10  37.94  11.23   0.62    3.47 0.296 -0.810
  1.34 1528.30  37.91  11.26   0.62    3.46 0.297 -0.817
  1.35 1529.50  37.88  11.29   0.63    3.45 0.298 -0.823
  1.36 1530.70  37.85  11.32   0.63    3.44 0.299 -0.830
  1.37 1531.89  37.82  11.35   0.63    3.43 0.300 -0.836
  1.38 1533.09  37.79  11.38   0.64    3.42 0.301 -0.842
  1.39 1534.27  37.76  11.41   0.64    3.41 0.302 -0.849
  1.40 1535.46  37.73  11.44   0.64    3.40 0.303 -0.855
  1.41 1536.64  37.70  11.47   0.65    3.39 0.304 -0.861
  1.42 1537.83  37.67  11.50   0.65    3.37 0.305 -0.868
  1.43 1539.00  37.64  11.54   0.65    3.36 0.306 -0.874
  1.44 1540.18  37.61  11.57   0.66    3.35 0.308 -0.880
  1.45 1541.35  37.58  11.60   0.66    3.34 0.309 -0.887
  1.46 1542.52  37.55  11.63   0.66    3.33 0.310 -0.893
  1.47 1543.69  37.52  11.66   0.67    3.32 0.311 -0.899
  1.48 1544.85  37.49  11.70   0.67    3.31 0.312 -0.905
  1.49 1546.01  37.46  11.73   0.68    3.30 0.313 -0.911
  1.50 1547.17  37.43  11.76   0.68    3.29 0.314 -0.917
  1.51 1548.33  37.40  11.79   0.68    3.28 0.315 -0.923
  1.52 1549.48  37.37  11.83   0.69    3.27 0.316 -0.929
  1.53 1550.63  37.34  11.86   0.69    3.26 0.318 -0.936
  1.54 1551.78  37.32  11.89   0.69    3.25 0.319 -0.942
  1.55 1552.92  37.29  11.93   0.70    3.24 0.320 -0.948
  1.56 1554.07  37.26  11.96   0.70    3.23 0.321 -0.953
  1.57 1555.20  37.23  12.00   0.70    3.22 0.322 -0.959
  1.58 1556.34  37.20  12.03   0.71    3.21 0.323 -0.965
  1.59 1557.47  37.17  12.07   0.71    3.20 0.325 -0.971
  1.60 1558.60  37.14  12.10   0.71    3.19 0.326 -0.977
  1.61 1559.73  37.11  12.13   0.72    3.18 0.327 -0.983
  1.62 1560.86  37.09  12.17   0.72    3.18 0.328 -0.989
  1.63 1561.98  37.06  12.20   0.73    3.17 0.329 -0.995
  1.64 1563.10  37.03  12.24   0.73    3.16 0.331 -1.000
  1.65 1564.21  37.00  12.28   0.73    3.15 0.332 -1.006
  1.66 1565.33  36.97  12.31   0.74    3.14 0.333 -1.012
  1.67 1566.44  36.94  12.35   0.74    3.13 0.334 -1.017
  1.68 1567.54  36.92  12.38   0.74    3.12 0.335 -1.023
  1.69 1568.65  36.89  12.42   0.75    3.11 0.337 -1.029
  1.70 1569.75  36.86  12.46   0.75    3.10 0.338 -1.034
  1.71 1570.85  36.83  12.49   0.76    3.09 0.339 -1.040
  1.72 1571.95  36.81  12.53   0.76    3.08 0.340 -1.046
  1.73 1573.04  36.78  12.57   0.76    3.07 0.342 -1.051
  1.74 1574.13  36.75  12.60   0.77    3.07 0.343 -1.057
  1.75 1575.22  36.72  12.64   0.77    3.06 0.344 -1.062
  1.76 1576.30  36.70  12.68   0.78    3.05 0.346 -1.068
  1.77 1577.38  36.67  12.72   0.78    3.04 0.347 -1.073
  1.78 1578.46  36.64  12.76   0.78    3.03 0.348 -1.079
  1.79 1579.54  36.62  12.79   0.79    3.02 0.349 -1.084
  1.80 1580.61  36.59  12.83   0.79    3.01 0.351 -1.090
  1.81 1581.68  36.56  12.87   0.80    3.01 0.352 -1.095
  1.82 1582.74  36.54  12.91   0.80    3.00 0.353 -1.100
  1.83 1583.81  36.51  12.95   0.81    2.99 0.355 -1.106
  1.84 1584.87  36.48  12.99   0.81    2.98 0.356 -1.111
  1.85 1585.93  36.46  13.03   0.81    2.97 0.357 -1.116
  1.86 1586.98  36.43  13.07   0.82    2.96 0.359 -1.122
  1.87 1588.03  36.41  13.11   0.82    2.96 0.360 -1.127
  1.88 1589.08  36.38  13.15   0.83    2.95 0.361 -1.132
  1.89 1590.13  36.35  13.19   0.83    2.94 0.363 -1.137
  1.90 1591.17  36.33  13.23   0.84    2.93 0.364 -1.142
  1.91 1592.21  36.30  13.27   0.84    2.92 0.366 -1.148
  1.92 1593.25  36.28  13.31   0.85    2.92 0.367 -1.153
  1.93 1594.28  36.25  13.35   0.85    2.91 0.368 -1.158
  1.94 1595.31  36.23  13.40   0.86    2.90 0.370 -1.163
  1.95 1596.34  36.20  13.44   0.86    2.89 0.371 -1.168
  1.96 1597.36  36.18  13.48   0.86    2.89 0.373 -1.173
  1.97 1598.39  36.15  13.52   0.87    2.88 0.374 -1.178
  1.98 1599.40  36.13  13.57   0.87    2.87 0.376 -1.183
  1.99 1600.42  36.10  13.61   0.88    2.86 0.377 -1.188
  2.00 1601.43  36.08  13.65   0.88    2.85 0.378 -1.193
  2.01 1602.44  36.05  13.70   0.89    2.85 0.380 -1.198
  2.02 1603.45  36.03  13.74   0.89    2.84 0.381 -1.203
  2.03 1604.45  36.00  13.78   0.90    2.83 0.383 -1.208
  2.04 1605.45  35.98  13.83   0.90    2.83 0.384 -1.213
  2.05 1606.45  35.95  13.87   0.91    2.82 0.386 -1.217
  2.06 1607.44  35.93  13.92   0.92    2.81 0.387 -1.222
  2.07 1608.43  35.91  13.96   0.92    2.80 0.389 -1.227
  2.08 1609.42  35.88  14.01   0.93    2.80 0.390 -1.232
  2.09 1610.41  35.86  14.05   0.93    2.79 0.392 -1.237
  2.10 1611.39  35.84  14.10   0.94    2.78 0.393 -1.241
  2.11 1612.37  35.81  14.14   0.94    2.78 0.395 -1.246
  2.12 1613.34  35.79  14.19   0.95    2.77 0.396 -1.251
  2.13 1614.31  35.77  14.24   0.95    2.76 0.398 -1.256
  2.14 1615.28  35.75  14.28   0.96    2.75 0.400 -1.260
  2.15 1616.25  35.72  14.33   0.97    2.75 0.401 -1.265
  2.16 1617.21  35.70  14.38   0.97    2.74 0.403 -1.269
  2.17 1618.17  35.68  14.42   0.98    2.73 0.404 -1.274
  2.18 1619.13  35.66  14.47   0.98    2.73 0.406 -1.279
  2.19 1620.08  35.64  14.52   0.99    2.72 0.407 -1.283
  2.20 1621.03  35.62  14.57   1.00    2.72 0.409 -1.288
  2.21 1621.98  35.59  14.62   1.00    2.71 0.411 -1.292
  2.22 1622.92  35.57  14.67   1.01    2.70 0.412 -1.297
  2.23 1623.86  35.55  14.72   1.02    2.70 0.414 -1.301
  2.24 1624.80  35.53  14.77   1.02    2.69 0.416 -1.306
  2.25 1625.74  35.51  14.82   1.03    2.68 0.417 -1.310
  2.26 1626.67  35.49  14.87   1.04    2.68 0.419 -1.315
  2.27 1627.60  35.47  14.92   1.04    2.67 0.421 -1.319
  2.28 1628.52  35.45  14.97   1.05    2.66 0.422 -1.323
  2.29 1629.44  35.43  15.02   1.06    2.66 0.424 -1.328
  2.30 1630.36  35.41  15.07   1.07    2.65 0.426 -1.332
  2.31 1631.28  35.39  15.12   1.07    2.65 0.427 -1.336
  2.32 1632.19  35.37  15.17   1.08    2.64 0.429 -1.341
  2.33 1633.10  35.35  15.22   1.09    2.63 0.431 -1.345
  2.34 1634.00  35.33  15.28   1.10    2.63 0.432 -1.349
  2.35 1634.91  35.31  15.33   1.10    2.62 0.434 -1.353
  2.36 1635.80  35.29  15.38   1.11    2.62 0.436 -1.358
  2.37 1636.70  35.27  15.44   1.12    2.61 0.438 -1.362
  2.38 1637.59  35.25  15.49   1.13    2.61 0.439 -1.366
  2.39 1638.48  35.23  15.55   1.14    2.60 0.441 -1.370
  2.40 1639.37  35.21  15.60   1.14    2.59 0.443 -1.374
  2.41 1640.25  35.19  15.65   1.15    2.59 0.445 -1.378
  2.42 1641.13  35.17  15.71   1.16    2.58 0.447 -1.383
  2.43 1642.00  35.15  15.76   1.17    2.58 0.448 -1.387
  2.44 1642.88  35.14  15.82   1.18    2.57 0.450 -1.391
  2.45 1643.75  35.12  15.88   1.19    2.57 0.452 -1.395
  2.46 1644.61  35.10  15.93   1.20    2.56 0.454 -1.399
  2.47 1645.47  35.08  15.99   1.21    2.56 0.456 -1.403
  2.48 1646.33  35.06  16.05   1.22    2.55 0.458 -1.407
  2.49 1647.19  35.05  16.10   1.23    2.55 0.460 -1.411
  2.50 1648.04  35.03  16.16   1.24    2.54 0.461 -1.415
  2.51 1648.89  35.01  16.22   1.25    2.54 0.463 -1.418
  2.52 1649.73  34.99  16.28   1.26    2.53 0.465 -1.422
  2.53 1650.58  34.97  16.34   1.27    2.53 0.467 -1.426
  2.54 1651.41  34.96  16.40   1.28    2.52 0.469 -1.430
  2.55 1652.25  34.94  16.46   1.29    2.52 0.471 -1.434
  2.56 1653.08  34.92  16.52   1.30    2.51 0.473 -1.438
  2.57 1653.91  34.91  16.58   1.31    2.51 0.475 -1.441
  2.58 1654.73  34.89  16.64   1.32    2.50 0.477 -1.445
  2.59 1655.55  34.87  16.70   1.33    2.50 0.479 -1.449
  2.60 1656.37  34.86  16.76   1.34    2.49 0.481 -1.453
  2.61 1657.19  34.84  16.82   1.35    2.49 0.483 -1.456
  2.62 1658.00  34.82  16.89   1.37    2.48 0.485 -1.460
  2.63 1658.80  34.81  16.95   1.38    2.48 0.487 -1.464
  2.64 1659.61  34.79  17.01   1.39    2.47 0.489 -1.467
  2.65 1660.41  34.78  17.07   1.40    2.47 0.491 -1.471
  2.66 1661.20  34.76  17.14   1.42    2.46 0.493 -1.475
  2.67 1662.00  34.74  17.20   1.43    2.46 0.495 -1.478
  2.68 1662.78  34.73  17.27   1.44    2.45 0.497 -1.482
  2.69 1663.57  34.71  17.33   1.46    2.45 0.499 -1.485
  2.70 1664.35  34.70  17.40   1.47    2.44 0.501 -1.489
  2.71 1665.13  34.68  17.46   1.49    2.44 0.504 -1.492
  2.72 1665.90  34.67  17.53   1.50    2.44 0.506 -1.496
  2.73 1666.68  34.65  17.60   1.51    2.43 0.508 -1.499
  2.74 1667.44  34.64  17.66   1.53    2.43 0.510 -1.503
  2.75 1668.21  34.62  17.73   1.54    2.42 0.512 -1.506
  2.76 1668.97  34.61  17.80   1.56    2.42 0.514 -1.510
  2.77 1669.72  34.59  17.87   1.58    2.41 0.516 -1.513
  2.78 1670.47  34.58  17.94   1.59    2.41 0.519 -1.517
  2.79 1671.22  34.56  18.00   1.61    2.41 0.521 -1.520
  2.80 1671.97  34.55  18.07   1.63    2.40 0.523 -1.523
  2.81 1672.71  34.53  18.14   1.64    2.40 0.525 -1.527
  2.82 1673.44  34.52  18.21   1.66    2.39 0.528 -1.530
  2.83 1674.18  34.51  18.29   1.68    2.39 0.530 -1.533
  2.84 1674.91  34.49  18.36   1.70    2.39 0.532 -1.536
  2.85 1675.63  34.48  18.43   1.72    2.38 0.535 -1.540
  2.86 1676.35  34.46  18.50   1.73    2.38 0.537 -1.543
  2.87 1677.07  34.45  18.57   1.75    2.37 0.539 -1.546
  2.88 1677.79  34.44  18.65   1.77    2.37 0.541 -1.549
  2.89 1678.50  34.42  18.72   1.79    2.37 0.544 -1.552
  2.90 1679.20  34.41  18.79   1.81    2.36 0.546 -1.555
  2.91 1679.90  34.40  18.87   1.84    2.36 0.549 -1.559
  2.92 1680.60  34.38  18.94   1.86    2.35 0.551 -1.562
  2.93 1681.30  34.37  19.02   1.88    2.35 0.553 -1.565
  2.94 1681.99  34.36  19.10   1.90    2.35 0.556 -1.568
  2.95 1682.67  34.35  19.17   1.92    2.34 0.558 -1.571
  2.96 1683.35  34.33  19.25   1.95    2.34 0.561 -1.574
  2.97 1684.03  34.32  19.33   1.97    2.34 0.563 -1.577
  2.98 1684.71  34.31  19.41   2.00    2.33 0.566 -1.580
  2.99 1685.38  34.30  19.48   2.02    2.33 0.568 -1.583
  3.00 1686.04  34.28  19.56   2.05    2.33 0.571 -1.586
  3.01 1686.70  34.27  19.64   2.07    2.32 0.573 -1.589
  3.02 1687.36  34.26  19.72   2.10    2.32 0.576 -1.591
  3.03 1688.01  34.25  19.80   2.13    2.32 0.578 -1.594
  3.04 1688.66  34.23  19.88   2.16    2.31 0.581 -1.597
  3.05 1689.31  34.22  19.97   2.18    2.31 0.583 -1.600
  3.06 1689.95  34.21  20.05   2.21    2.31 0.586 -1.603
  3.07 1690.58  34.20  20.13   2.24    2.30 0.589 -1.606
  3.08 1691.22  34.19  20.21   2.27    2.30 0.591 -1.608
  3.09 1691.84  34.18  20.30   2.31    2.30 0.594 -1.611
  3.10 1692.47  34.17  20.38   2.34    2.29 0.597 -1.614
  3.11 1693.09  34.15  20.47   2.37    2.29 0.599 -1.616
  3.12 1693.70  34.14  20.55   2.40    2.29 0.602 -1.619
  3.13 1694.31  34.13  20.64   2.44    2.28 0.605 -1.622
  3.14 1694.92  34.12  20.72   2.47    2.28 0.607 -1.624
  3.15 1695.52  34.11  20.81   2.51    2.28 0.610 -1.627
  3.16 1696.12  34.10  20.90   2.55    2.27 0.613 -1.630
  3.17 1696.71  34.09  20.99   2.59    2.27 0.616 -1.632
  3.18 1697.30  34.08  21.08   2.62    2.27 0.619 -1.635
  3.19 1697.88  34.07  21.17   2.66    2.26 0.621 -1.637
  3.20 1698.46  34.05  21.26   2.71    2.26 0.624 -1.640
  3.21 1699.04  34.04  21.35   2.75    2.26 0.627 -1.642
  3.22 1699.61  34.03  21.44   2.79    2.26 0.630 -1.645
  3.23 1700.17  34.02  21.53   2.83    2.25 0.633 -1.647
  3.24 1700.73  34.01  21.62   2.88    2.25 0.636 -1.650
  3.25 1701.29  34.00  21.72   2.93    2.25 0.639 -1.652
  3.26 1701.84  33.99  21.81   2.97    2.24 0.642 -1.654
  3.27 1702.39  33.98  21.90   3.02    2.24 0.645 -1.657
  3.28 1702.93  33.97  22.00   3.07    2.24 0.648 -1.659
  3.29 1703.47  33.96  22.09   3.13    2.24 0.651 -1.661
  3.30 1704.00  33.95  22.19   3.18    2.23 0.654 -1.664
  3.31 1704.53  33.94  22.29   3.23    2.23 0.657 -1.666
  3.32 1705.05  33.93  22.38   3.29    2.23 0.660 -1.668
  3.33 1705.57  33.92  22.48   3.35    2.23 0.663 -1.670
  3.34 1706.08  33.91  22.58   3.41    2.22 0.666 -1.673
  3.35 1706.59  33.90  22.68   3.47    2.22 0.669 -1.675
  3.36 1707.09  33.90  22.78   3.53    2.22 0.672 -1.677
  3.37 1707.59  33.89  22.88   3.60    2.22 0.675 -1.679
  3.38 1708.09  33.88  22.98   3.66    2.21 0.678 -1.681
  3.39 1708.57  33.87  23.08   3.73    2.21 0.682 -1.683
  3.40 1709.06  33.86  23.19   3.80    2.21 0.685 -1.685
  3.41 1709.54  33.85  23.29   3.87    2.21 0.688 -1.687
  3.42 1710.01  33.84  23.40   3.95    2.20 0.691 -1.689
  3.43 1710.48  33.83  23.50   4.03    2.20 0.695 -1.691
  3.44 1710.94  33.82  23.61   4.10    2.20 0.698 -1.693
  3.45 1711.40  33.82  23.71   4.19    2.20 0.701 -1.695
  3.46 1711.85  33.81  23.82   4.27    2.19 0.705 -1.697
  3.47 1712.30  33.80  23.93   4.36    2.19 0.708 -1.699
  3.48 1712.74  33.79  24.04   4.45    2.19 0.711 -1.701
  3.49 1713.18  33.78  24.14   4.54    2.19 0.715 -1.703
  3.50 1713.61  33.78  24.25   4.63    2.19 0.718 -1.705
  3.51 1714.04  33.77  24.37   4.73    2.18 0.722 -1.707
  3.52 1714.46  33.76  24.48   4.83    2.18 0.725 -1.708
  3.53 1714.88  33.75  24.59   4.94    2.18 0.728 -1.710
  3.54 1715.29  33.75  24.70   5.04    2.18 0.732 -1.712
  3.55 1715.69  33.74  24.82   5.16    2.18 0.736 -1.714
  3.56 1716.09  33.73  24.93   5.27    2.17 0.739 -1.715
  3.57 1716.49  33.73  25.05   5.39    2.17 0.743 -1.717
  3.58 1716.87  33.72  25.16   5.51    2.17 0.746 -1.719
  3.59 1717.26  33.71  25.28   5.64    2.17 0.750 -1.720
  3.60 1717.63  33.71  25.40   5.77    2.17 0.753 -1.722
  3.61 1718.01  33.70  25.52   5.91    2.16 0.757 -1.723
  3.62 1718.37  33.69  25.63   6.05    2.16 0.761 -1.725
  3.63 1718.73  33.69  25.75   6.19    2.16 0.765 -1.726
  3.64 1719.09  33.68  25.88   6.34    2.16 0.768 -1.728
  3.65 1719.44  33.68  26.00   6.50    2.16 0.772 -1.729
  3.66 1719.78  33.67  26.12   6.66    2.16 0.776 -1.731
  3.67 1720.12  33.66  26.24   6.83    2.15 0.780 -1.732
  3.68 1720.45  33.66  26.37   7.00    2.15 0.783 -1.734
  3.69 1720.77  33.65  26.49   7.18    2.15 0.787 -1.735
  3.70 1721.09  33.65  26.62   7.37    2.15 0.791 -1.736
  3.71 1721.41  33.64  26.75   7.56    2.15 0.795 -1.738
  3.72 1721.72  33.64  26.87   7.76    2.15 0.799 -1.739
  3.73 1722.02  33.63  27.00   7.97    2.15 0.803 -1.740
  3.74 1722.31  33.63  27.13   8.18    2.14 0.807 -1.742
  3.75 1722.60  33.62  27.26   8.41    2.14 0.811 -1.743
  3.76 1722.89  33.62  27.40   8.64    2.14 0.815 -1.744
  3.77 1723.16  33.61  27.53   8.88    2.14 0.819 -1.745
  3.78 1723.44  33.61  27.66   9.14    2.14 0.823 -1.746
  3.79 1723.70  33.60  27.80   9.40    2.14 0.827 -1.747
  3.80 1723.96  33.60  27.93   9.67    2.14 0.831 -1.748
  3.81 1724.21  33.60  28.07   9.96    2.14 0.835 -1.749
  3.82 1724.46  33.59  28.20  10.25    2.13 0.840 -1.751
  3.83 1724.70  33.59  28.34  10.56    2.13 0.844 -1.752
  3.84 1724.93  33.58  28.48  10.88    2.13 0.848 -1.753
  3.85 1725.16  33.58  28.62  11.22    2.13 0.852 -1.753
  3.86 1725.38  33.58  28.76  11.56    2.13 0.857 -1.754
  3.87 1725.59  33.57  28.91  11.93    2.13 0.861 -1.755
  3.88 1725.80  33.57  29.05  12.31    2.13 0.865 -1.756
  3.89 1726.00  33.57  29.19  12.71    2.13 0.870 -1.757
  3.90 1726.19  33.56  29.34  13.12    2.13 0.874 -1.758
  3.91 1726.38  33.56  29.48  13.55    2.13 0.879 -1.759
  3.92 1726.56  33.56  29.63  14.01    2.12 0.883 -1.759
  3.93 1726.73  33.55  29.78  14.48    2.12 0.887 -1.760
  3.94 1726.90  33.55  29.93  14.98    2.12 0.892 -1.761
  3.95 1727.06  33.55  30.08  15.50    2.12 0.897 -1.761
  3.96 1727.21  33.55  30.23  16.04    2.12 0.901 -1.762
  3.97 1727.36  33.54  30.38  16.61    2.12 0.906 -1.763
  3.98 1727.50  33.54  30.54  17.21    2.12 0.910 -1.763
  3.99 1727.63  33.54  30.69  17.83    2.12 0.915 -1.764
  4.00 1727.76  33.54  30.85  18.49    2.12 0.920 -1.764
  4.01 1727.87  33.54  31.00  19.18    2.12 0.924 -1.765
  4.02 1727.98  33.53  31.16  19.91    2.12 0.929 -1.765
  4.03 1728.09  33.53  31.32  20.67    2.12 0.934 -1.766
  4.04 1728.18  33.53  31.48  21.47    2.12 0.939 -1.766
  4.05 1728.27  33.53  31.64  22.31    2.12 0.944 -1.766
  4.06 1728.35  33.53  31.81  23.20    2.12 0.949 -1.767
  4.07 1728.43  33.53  31.97  24.14    2.12 0.954 -1.767
  4.08 1728.49  33.53  32.13  25.12    2.12 0.958 -1.767
  4.09 1728.55  33.52  32.30  26.16    2.12 0.963 -1.768
  4.10 1728.60  33.52  32.47  27.26    2.12 0.968 -1.768
  4.11 1728.65  33.52  32.64  28.42    2.12 0.974 -1.768
  4.12 1728.68  33.52  32.81  29.64    2.12 0.979 -1.768
  4.13 1728.71  33.52  32.98  30.94    2.12 0.984 -1.768
  4.14 1728.73  33.52  33.15  32.31    2.12 0.989 -1.768
  4.15 1728.75  33.52  33.32  33.76    2.12 0.994 -1.768
  4.16 1728.75  33.52  33.50  35.30    2.11 0.999 -1.768
  4.17 1728.75  33.52  33.67  36.92    2.12 1.005 -1.768
  4.18 1728.74  33.52  33.85  38.65    2.12 1.010 -1.768
  4.19 1728.72  33.52  34.03  40.49    2.12 1.015 -1.768
  4.20 1728.69  33.52  34.21  42.44    2.12 1.021 -1.768
  4.21 1728.66  33.52  34.39  44.51    2.12 1.026 -1.768
  4.22 1728.61  33.52  34.57  46.72    2.12 1.031 -1.768
  4.23 1728.56  33.52  34.76  49.07    2.12 1.037 -1.768
  4.24 1728.50  33.53  34.94  51.57    2.12 1.042 -1.767
  4.25 1728.43  33.53  35.13  54.24    2.12 1.048 -1.767
  4.26 1728.36  33.53  35.32  57.10    2.12 1.053 -1.767
  4.27 1728.27  33.53  35.51  60.15    2.12 1.059 -1.766
  4.28 1728.18  33.53  35.70  63.41    2.12 1.065 -1.766
  4.29 1728.08  33.53  35.89  66.90    2.12 1.070 -1.766
  4.30 1727.97  33.53  36.08  70.65    2.12 1.076 -1.765
  4.31 1727.85  33.54  36.28  74.66    2.12 1.082 -1.765
  4.32 1727.72  33.54  36.48  78.98    2.12 1.088 -1.764
  4.33 1727.58  33.54  36.67  83.61    2.12 1.093 -1.764
  4.34 1727.44  33.54  36.87  88.61    2.12 1.099 -1.763
  4.35 1727.28  33.55  37.07  93.99    2.12 1.105 -1.762
  4.36 1727.12  33.55  37.28  99.79    2.12 1.111 -1.762
  4.37 1726.95  33.55  37.48 106.05    2.12 1.117 -1.761
  4.38 1726.76  33.55  37.69 112.83    2.12 1.123 -1.760
  4.39 1726.57  33.56  37.89 120.17    2.12 1.129 -1.759
  4.40 1726.37  33.56  38.10 128.12    2.13 1.135 -1.759
  4.41 1726.16  33.56  38.31 136.76    2.13 1.141 -1.758
  4.42 1725.94  33.57  38.52 146.15    2.13 1.148 -1.757
  4.43 1725.72  33.57  38.74 156.37    2.13 1.154 -1.756
  4.44 1725.48  33.57  38.95 167.52    2.13 1.160 -1.755
  4.45 1725.23  33.58  39.17 179.70    2.13 1.166 -1.754
  4.46 1724.98  33.58  39.39 193.02    2.13 1.173 -1.753
  4.47 1724.71  33.59  39.61 207.61    2.13 1.179 -1.752
  4.48 1724.43  33.59  39.83 223.64    2.13 1.186 -1.750
  4.49 1724.15  33.60  40.05 241.26    2.14 1.192 -1.749
